<?xml version="1.0" encoding="UTF-8"?>

<mule xmlns:ee="http://www.mulesoft.org/schema/mule/ee/core" xmlns:http="http://www.mulesoft.org/schema/mule/http"
	xmlns="http://www.mulesoft.org/schema/mule/core"
	xmlns:doc="http://www.mulesoft.org/schema/mule/documentation" xmlns:xsi="http://www.w3.org/2001/XMLSchema-instance" xsi:schemaLocation="http://www.mulesoft.org/schema/mule/core http://www.mulesoft.org/schema/mule/core/current/mule.xsd
http://www.mulesoft.org/schema/mule/http http://www.mulesoft.org/schema/mule/http/current/mule-http.xsd
http://www.mulesoft.org/schema/mule/ee/core http://www.mulesoft.org/schema/mule/ee/core/current/mule-ee.xsd">
	<flow name="test-apiFlow" doc:id="eec7608e-729f-4bc7-a070-e3cd44b96bf7" >
		<http:listener doc:name="Listener" doc:id="d8466684-eae8-4186-80a3-2ef6034a0d6e" path="/test" config-ref="HTTP_Listener_config"/>
		<logger level="INFO" doc:name="Logger" doc:id="b235b1df-259e-4a81-a0c8-bf27e2cd38bb" message="...................API Successfully Triggered By You..............."/>
		<ee:transform doc:name="Transform Message" doc:id="31a0a70f-0c06-42ba-8cbb-b6de98d7c12b" >
			<ee:message >
				<ee:set-payload ><![CDATA[%dw 2.0
output application/json
---
{
	"staus": "Success"
}]]></ee:set-payload>
			</ee:message>
		</ee:transform>
	</flow>
</mule>
